<html>
<head>
<title>TestNG:  Test</title>
<link href="../testng.css" rel="stylesheet" type="text/css" />
<link href="../my-testng.css" rel="stylesheet" type="text/css" />

<style type="text/css">
.log { display: none;} 
.stack-trace { display: none;} 
</style>
<script type="text/javascript">
<!--
function flip(e) {
  current = e.style.display;
  if (current == 'block') {
    e.style.display = 'none';
    return 0;
  }
  else {
    e.style.display = 'block';
    return 1;
  }
}

function toggleBox(szDivId, elem, msg1, msg2)
{
  var res = -1;  if (document.getElementById) {
    res = flip(document.getElementById(szDivId));
  }
  else if (document.all) {
    // this is the way old msie versions work
    res = flip(document.all[szDivId]);
  }
  if(elem) {
    if(res == 0) elem.innerHTML = msg1; else elem.innerHTML = msg2;
  }

}

function toggleAllBoxes() {
  if (document.getElementsByTagName) {
    d = document.getElementsByTagName('div');
    for (i = 0; i < d.length; i++) {
      if (d[i].className == 'log') {
        flip(d[i]);
      }
    }
  }
}

// -->
</script>

</head>
<body>
<h2 align='center'>Test</h2><table border='1' align="center">
<tr>
<td>Tests passed/Failed/Skipped:</td><td>0/10/2</td>
</tr><tr>
<td>Started on:</td><td>Thu Dec 21 15:23:37 IST 2017</td>
</tr>
<tr><td>Total time:</td><td>3 seconds (3490 ms)</td>
</tr><tr>
<td>Included groups:</td><td></td>
</tr><tr>
<td>Excluded groups:</td><td></td>
</tr>
</table><p/>
<small><i>(Hover the method name to see the test class name)</i></small><p/>
<table width='100%' border='1' class='invocation-failed'>
<tr><td colspan='4' align='center'><b>FAILED TESTS</b></td></tr>
<tr><td><b>Test method</b></td>
<td width="30%"><b>Exception</b></td>
<td width="10%"><b>Time (seconds)</b></td>
<td><b>Instance</b></td>
</tr>
<tr>
<td title='com.dimensionData.pom.testcases.RegisteredUserFlow.addItem()'><b>addItem</b><br>Test class: RegisteredUserFlow<br>Parameters: {Postcode=WC2R0NS , Browser=Chrome, password=Hello12@, Mobile=07887456325, Phonenum=09874563211, HomeAddress=410 Strand, Deliveryaddress=Office, Username=sanjay.singh@ta3s.com, Lastname=Singh, Daytime=09885645652, Firstname=Sanjay, Runmode=Y, Evening=09885645652, ExpectedResult=Success, Nickname=Office, Addressdropdown=Malaysia Tourism Promotion Board, Malaysia House, 57 Trafalgar Square, Salutation=Mr, postcode=WC2N 5DU}</td>
<td><div><pre>java.lang.NullPointerException
	at org.openqa.selenium.support.pagefactory.DefaultElementLocator.findElement(DefaultElementLocator.java:69)
	at org.openqa.selenium.support.pagefactory.internal.LocatingElementHandler.invoke(LocatingElementHandler.java:38)
	at com.sun.proxy.$Proxy6.click(Unknown Source)
	at com.dimensionData.pom.pages.TescoAddToCartLandingPage.addgroceris(TescoAddToCartLandingPage.java:114)
	at com.dimensionData.pom.testcases.RegisteredUserFlow.addItem(RegisteredUserFlow.java:134)
... Removed 23 stack frames</pre></div><a href='#' onClick='toggleBox("stack-trace201576232", this, "Click to show all stack frames", "Click to hide stack frames")'>Click to show all stack frames</a>
<div class='stack-trace' id='stack-trace201576232'><pre>java.lang.NullPointerException
	at org.openqa.selenium.support.pagefactory.DefaultElementLocator.findElement(DefaultElementLocator.java:69)
	at org.openqa.selenium.support.pagefactory.internal.LocatingElementHandler.invoke(LocatingElementHandler.java:38)
	at com.sun.proxy.$Proxy6.click(Unknown Source)
	at com.dimensionData.pom.pages.TescoAddToCartLandingPage.addgroceris(TescoAddToCartLandingPage.java:114)
	at com.dimensionData.pom.testcases.RegisteredUserFlow.addItem(RegisteredUserFlow.java:134)
	at sun.reflect.NativeMethodAccessorImpl.invoke0(Native Method)
	at sun.reflect.NativeMethodAccessorImpl.invoke(NativeMethodAccessorImpl.java:62)
	at sun.reflect.DelegatingMethodAccessorImpl.invoke(DelegatingMethodAccessorImpl.java:43)
	at java.lang.reflect.Method.invoke(Method.java:498)
	at org.testng.internal.MethodInvocationHelper.invokeMethod(MethodInvocationHelper.java:85)
	at org.testng.internal.Invoker.invokeMethod(Invoker.java:639)
	at org.testng.internal.Invoker.invokeTestMethod(Invoker.java:816)
	at org.testng.internal.Invoker.invokeTestMethods(Invoker.java:1124)
	at org.testng.internal.TestMethodWorker.invokeTestMethods(TestMethodWorker.java:125)
	at org.testng.internal.TestMethodWorker.run(TestMethodWorker.java:108)
	at org.testng.TestRunner.privateRun(TestRunner.java:774)
	at org.testng.TestRunner.run(TestRunner.java:624)
	at org.testng.SuiteRunner.runTest(SuiteRunner.java:359)
	at org.testng.SuiteRunner.runSequentially(SuiteRunner.java:354)
	at org.testng.SuiteRunner.privateRun(SuiteRunner.java:312)
	at org.testng.SuiteRunner.run(SuiteRunner.java:261)
	at org.testng.SuiteRunnerWorker.runSuite(SuiteRunnerWorker.java:52)
	at org.testng.SuiteRunnerWorker.run(SuiteRunnerWorker.java:86)
	at org.testng.TestNG.runSuitesSequentially(TestNG.java:1215)
	at org.testng.TestNG.runSuitesLocally(TestNG.java:1140)
	at org.testng.TestNG.run(TestNG.java:1048)
	at org.testng.TestNG.privateMain(TestNG.java:1355)
	at org.testng.TestNG.main(TestNG.java:1324)
</pre></div></td>
<td>0</td>
<td>com.tesco.pom.testcases.RegisteredUserFlow@1fa121e2</td></tr>
<tr>
<td title='com.dimensionData.pom.testcases.RegisteredUserFlow.bookSlot()'><b>bookSlot</b><br>Test class: RegisteredUserFlow<br>Parameters: {Postcode=WC2R0NS , Browser=Chrome, password=Hello12@, Mobile=07887456325, Phonenum=09874563211, HomeAddress=410 Strand, Deliveryaddress=Office, Username=sanjay.singh@ta3s.com, Lastname=Singh, Daytime=09885645652, Firstname=Sanjay, Runmode=Y, Evening=09885645652, ExpectedResult=Success, Nickname=Office, Addressdropdown=Malaysia Tourism Promotion Board, Malaysia House, 57 Trafalgar Square, Salutation=Mr, postcode=WC2N 5DU}</td>
<td><div><pre>java.lang.NullPointerException
	at com.dimensionData.pom.pages.TescoLaunchPage.gotoHomePage(TescoLaunchPage.java:30)
	at com.dimensionData.pom.testcases.RegisteredUserFlow.bookSlot(RegisteredUserFlow.java:204)
... Removed 23 stack frames</pre></div><a href='#' onClick='toggleBox("stack-trace1103243338", this, "Click to show all stack frames", "Click to hide stack frames")'>Click to show all stack frames</a>
<div class='stack-trace' id='stack-trace1103243338'><pre>java.lang.NullPointerException
	at com.dimensionData.pom.pages.TescoLaunchPage.gotoHomePage(TescoLaunchPage.java:30)
	at com.dimensionData.pom.testcases.RegisteredUserFlow.bookSlot(RegisteredUserFlow.java:204)
	at sun.reflect.NativeMethodAccessorImpl.invoke0(Native Method)
	at sun.reflect.NativeMethodAccessorImpl.invoke(NativeMethodAccessorImpl.java:62)
	at sun.reflect.DelegatingMethodAccessorImpl.invoke(DelegatingMethodAccessorImpl.java:43)
	at java.lang.reflect.Method.invoke(Method.java:498)
	at org.testng.internal.MethodInvocationHelper.invokeMethod(MethodInvocationHelper.java:85)
	at org.testng.internal.Invoker.invokeMethod(Invoker.java:639)
	at org.testng.internal.Invoker.invokeTestMethod(Invoker.java:816)
	at org.testng.internal.Invoker.invokeTestMethods(Invoker.java:1124)
	at org.testng.internal.TestMethodWorker.invokeTestMethods(TestMethodWorker.java:125)
	at org.testng.internal.TestMethodWorker.run(TestMethodWorker.java:108)
	at org.testng.TestRunner.privateRun(TestRunner.java:774)
	at org.testng.TestRunner.run(TestRunner.java:624)
	at org.testng.SuiteRunner.runTest(SuiteRunner.java:359)
	at org.testng.SuiteRunner.runSequentially(SuiteRunner.java:354)
	at org.testng.SuiteRunner.privateRun(SuiteRunner.java:312)
	at org.testng.SuiteRunner.run(SuiteRunner.java:261)
	at org.testng.SuiteRunnerWorker.runSuite(SuiteRunnerWorker.java:52)
	at org.testng.SuiteRunnerWorker.run(SuiteRunnerWorker.java:86)
	at org.testng.TestNG.runSuitesSequentially(TestNG.java:1215)
	at org.testng.TestNG.runSuitesLocally(TestNG.java:1140)
	at org.testng.TestNG.run(TestNG.java:1048)
	at org.testng.TestNG.privateMain(TestNG.java:1355)
	at org.testng.TestNG.main(TestNG.java:1324)
</pre></div></td>
<td>0</td>
<td>com.tesco.pom.testcases.RegisteredUserFlow@1fa121e2</td></tr>
<tr>
<td title='com.dimensionData.pom.testcases.GuestUserFlow.browseProducts()'><b>browseProducts</b><br>Test class: GuestUserFlow<br>Parameters: {Username=sanjay@gmail.com, Addressdropdown=Malaysia Tourism Promotion Board, Malaysia House, 57 Trafalgar Square, Lastname=Singh, Runmode=Y, Firstname=Sanjay, postcode=WC2N 5DU, Salutation=Mr, Phonenum=09874563211, ExpectedResult=Success, password=Hello12@, Browser=Chrome, Productname=christmas chocolate}</td>
<td><div><pre>java.lang.NullPointerException
	at com.dimensionData.pom.pages.LaunchPage.gotoHomePage(LaunchPage.java:28)
	at com.dimensionData.pom.testcases.GuestUserFlow.browseProducts(GuestUserFlow.java:134)
... Removed 23 stack frames</pre></div><a href='#' onClick='toggleBox("stack-trace859654796", this, "Click to show all stack frames", "Click to hide stack frames")'>Click to show all stack frames</a>
<div class='stack-trace' id='stack-trace859654796'><pre>java.lang.NullPointerException
	at com.dimensionData.pom.pages.LaunchPage.gotoHomePage(LaunchPage.java:28)
	at com.dimensionData.pom.testcases.GuestUserFlow.browseProducts(GuestUserFlow.java:134)
	at sun.reflect.NativeMethodAccessorImpl.invoke0(Native Method)
	at sun.reflect.NativeMethodAccessorImpl.invoke(NativeMethodAccessorImpl.java:62)
	at sun.reflect.DelegatingMethodAccessorImpl.invoke(DelegatingMethodAccessorImpl.java:43)
	at java.lang.reflect.Method.invoke(Method.java:498)
	at org.testng.internal.MethodInvocationHelper.invokeMethod(MethodInvocationHelper.java:85)
	at org.testng.internal.Invoker.invokeMethod(Invoker.java:639)
	at org.testng.internal.Invoker.invokeTestMethod(Invoker.java:816)
	at org.testng.internal.Invoker.invokeTestMethods(Invoker.java:1124)
	at org.testng.internal.TestMethodWorker.invokeTestMethods(TestMethodWorker.java:125)
	at org.testng.internal.TestMethodWorker.run(TestMethodWorker.java:108)
	at org.testng.TestRunner.privateRun(TestRunner.java:774)
	at org.testng.TestRunner.run(TestRunner.java:624)
	at org.testng.SuiteRunner.runTest(SuiteRunner.java:359)
	at org.testng.SuiteRunner.runSequentially(SuiteRunner.java:354)
	at org.testng.SuiteRunner.privateRun(SuiteRunner.java:312)
	at org.testng.SuiteRunner.run(SuiteRunner.java:261)
	at org.testng.SuiteRunnerWorker.runSuite(SuiteRunnerWorker.java:52)
	at org.testng.SuiteRunnerWorker.run(SuiteRunnerWorker.java:86)
	at org.testng.TestNG.runSuitesSequentially(TestNG.java:1215)
	at org.testng.TestNG.runSuitesLocally(TestNG.java:1140)
	at org.testng.TestNG.run(TestNG.java:1048)
	at org.testng.TestNG.privateMain(TestNG.java:1355)
	at org.testng.TestNG.main(TestNG.java:1324)
</pre></div></td>
<td>0</td>
<td>com.tesco.pom.testcases.GuestUserFlow@7eac9008</td></tr>
<tr>
<td title='com.dimensionData.pom.testcases.RegisteredUserFlow.changeDeliveryAddress()'><b>changeDeliveryAddress</b><br>Test class: RegisteredUserFlow<br>Parameters: {Postcode=WC2R0NS , Browser=Chrome, password=Hello12@, Mobile=07887456325, Phonenum=09874563211, HomeAddress=410 Strand, Deliveryaddress=Office, Username=sanjay.singh@ta3s.com, Lastname=Singh, Daytime=09885645652, Firstname=Sanjay, Runmode=Y, Evening=09885645652, ExpectedResult=Success, Nickname=Office, Addressdropdown=Malaysia Tourism Promotion Board, Malaysia House, 57 Trafalgar Square, Salutation=Mr, postcode=WC2N 5DU}</td>
<td><div><pre>java.lang.NullPointerException
	at com.dimensionData.pom.pages.TescoLaunchPage.gotoHomePage(TescoLaunchPage.java:30)
	at com.dimensionData.pom.testcases.RegisteredUserFlow.changeDeliveryAddress(RegisteredUserFlow.java:358)
... Removed 23 stack frames</pre></div><a href='#' onClick='toggleBox("stack-trace752684363", this, "Click to show all stack frames", "Click to hide stack frames")'>Click to show all stack frames</a>
<div class='stack-trace' id='stack-trace752684363'><pre>java.lang.NullPointerException
	at com.dimensionData.pom.pages.TescoLaunchPage.gotoHomePage(TescoLaunchPage.java:30)
	at com.dimensionData.pom.testcases.RegisteredUserFlow.changeDeliveryAddress(RegisteredUserFlow.java:358)
	at sun.reflect.NativeMethodAccessorImpl.invoke0(Native Method)
	at sun.reflect.NativeMethodAccessorImpl.invoke(NativeMethodAccessorImpl.java:62)
	at sun.reflect.DelegatingMethodAccessorImpl.invoke(DelegatingMethodAccessorImpl.java:43)
	at java.lang.reflect.Method.invoke(Method.java:498)
	at org.testng.internal.MethodInvocationHelper.invokeMethod(MethodInvocationHelper.java:85)
	at org.testng.internal.Invoker.invokeMethod(Invoker.java:639)
	at org.testng.internal.Invoker.invokeTestMethod(Invoker.java:816)
	at org.testng.internal.Invoker.invokeTestMethods(Invoker.java:1124)
	at org.testng.internal.TestMethodWorker.invokeTestMethods(TestMethodWorker.java:125)
	at org.testng.internal.TestMethodWorker.run(TestMethodWorker.java:108)
	at org.testng.TestRunner.privateRun(TestRunner.java:774)
	at org.testng.TestRunner.run(TestRunner.java:624)
	at org.testng.SuiteRunner.runTest(SuiteRunner.java:359)
	at org.testng.SuiteRunner.runSequentially(SuiteRunner.java:354)
	at org.testng.SuiteRunner.privateRun(SuiteRunner.java:312)
	at org.testng.SuiteRunner.run(SuiteRunner.java:261)
	at org.testng.SuiteRunnerWorker.runSuite(SuiteRunnerWorker.java:52)
	at org.testng.SuiteRunnerWorker.run(SuiteRunnerWorker.java:86)
	at org.testng.TestNG.runSuitesSequentially(TestNG.java:1215)
	at org.testng.TestNG.runSuitesLocally(TestNG.java:1140)
	at org.testng.TestNG.run(TestNG.java:1048)
	at org.testng.TestNG.privateMain(TestNG.java:1355)
	at org.testng.TestNG.main(TestNG.java:1324)
</pre></div></td>
<td>0</td>
<td>com.tesco.pom.testcases.RegisteredUserFlow@1fa121e2</td></tr>
<tr>
<td title='com.dimensionData.pom.testcases.RegisteredUserFlow.changeSlot()'><b>changeSlot</b><br>Test class: RegisteredUserFlow<br>Parameters: {Postcode=WC2R0NS , Browser=Chrome, password=Hello12@, Mobile=07887456325, Phonenum=09874563211, HomeAddress=410 Strand, Deliveryaddress=Office, Username=sanjay.singh@ta3s.com, Lastname=Singh, Daytime=09885645652, Firstname=Sanjay, Runmode=Y, Evening=09885645652, ExpectedResult=Success, Nickname=Office, Addressdropdown=Malaysia Tourism Promotion Board, Malaysia House, 57 Trafalgar Square, Salutation=Mr, postcode=WC2N 5DU}</td>
<td><div><pre>java.lang.NullPointerException
	at com.dimensionData.pom.pages.TescoLaunchPage.gotoHomePage(TescoLaunchPage.java:30)
	at com.dimensionData.pom.testcases.RegisteredUserFlow.changeSlot(RegisteredUserFlow.java:241)
... Removed 23 stack frames</pre></div><a href='#' onClick='toggleBox("stack-trace1403704789", this, "Click to show all stack frames", "Click to hide stack frames")'>Click to show all stack frames</a>
<div class='stack-trace' id='stack-trace1403704789'><pre>java.lang.NullPointerException
	at com.dimensionData.pom.pages.TescoLaunchPage.gotoHomePage(TescoLaunchPage.java:30)
	at com.dimensionData.pom.testcases.RegisteredUserFlow.changeSlot(RegisteredUserFlow.java:241)
	at sun.reflect.NativeMethodAccessorImpl.invoke0(Native Method)
	at sun.reflect.NativeMethodAccessorImpl.invoke(NativeMethodAccessorImpl.java:62)
	at sun.reflect.DelegatingMethodAccessorImpl.invoke(DelegatingMethodAccessorImpl.java:43)
	at java.lang.reflect.Method.invoke(Method.java:498)
	at org.testng.internal.MethodInvocationHelper.invokeMethod(MethodInvocationHelper.java:85)
	at org.testng.internal.Invoker.invokeMethod(Invoker.java:639)
	at org.testng.internal.Invoker.invokeTestMethod(Invoker.java:816)
	at org.testng.internal.Invoker.invokeTestMethods(Invoker.java:1124)
	at org.testng.internal.TestMethodWorker.invokeTestMethods(TestMethodWorker.java:125)
	at org.testng.internal.TestMethodWorker.run(TestMethodWorker.java:108)
	at org.testng.TestRunner.privateRun(TestRunner.java:774)
	at org.testng.TestRunner.run(TestRunner.java:624)
	at org.testng.SuiteRunner.runTest(SuiteRunner.java:359)
	at org.testng.SuiteRunner.runSequentially(SuiteRunner.java:354)
	at org.testng.SuiteRunner.privateRun(SuiteRunner.java:312)
	at org.testng.SuiteRunner.run(SuiteRunner.java:261)
	at org.testng.SuiteRunnerWorker.runSuite(SuiteRunnerWorker.java:52)
	at org.testng.SuiteRunnerWorker.run(SuiteRunnerWorker.java:86)
	at org.testng.TestNG.runSuitesSequentially(TestNG.java:1215)
	at org.testng.TestNG.runSuitesLocally(TestNG.java:1140)
	at org.testng.TestNG.run(TestNG.java:1048)
	at org.testng.TestNG.privateMain(TestNG.java:1355)
	at org.testng.TestNG.main(TestNG.java:1324)
</pre></div></td>
<td>0</td>
<td>com.tesco.pom.testcases.RegisteredUserFlow@1fa121e2</td></tr>
<tr>
<td title='com.dimensionData.pom.testcases.RegisteredUserFlow.incrementAndDecrementItems()'><b>incrementAndDecrementItems</b><br>Test class: RegisteredUserFlow<br>Parameters: {Postcode=WC2R0NS , Browser=Chrome, password=Hello12@, Mobile=07887456325, Phonenum=09874563211, HomeAddress=410 Strand, Deliveryaddress=Office, Username=sanjay.singh@ta3s.com, Lastname=Singh, Daytime=09885645652, Firstname=Sanjay, Runmode=Y, Evening=09885645652, ExpectedResult=Success, Nickname=Office, Addressdropdown=Malaysia Tourism Promotion Board, Malaysia House, 57 Trafalgar Square, Salutation=Mr, postcode=WC2N 5DU}</td>
<td><div><pre>java.lang.NullPointerException
	at com.dimensionData.pom.pages.TescoLaunchPage.gotoHomePage(TescoLaunchPage.java:30)
	at com.dimensionData.pom.testcases.RegisteredUserFlow.incrementAndDecrementItems(RegisteredUserFlow.java:168)
... Removed 23 stack frames</pre></div><a href='#' onClick='toggleBox("stack-trace1687662712", this, "Click to show all stack frames", "Click to hide stack frames")'>Click to show all stack frames</a>
<div class='stack-trace' id='stack-trace1687662712'><pre>java.lang.NullPointerException
	at com.dimensionData.pom.pages.TescoLaunchPage.gotoHomePage(TescoLaunchPage.java:30)
	at com.dimensionData.pom.testcases.RegisteredUserFlow.incrementAndDecrementItems(RegisteredUserFlow.java:168)
	at sun.reflect.NativeMethodAccessorImpl.invoke0(Native Method)
	at sun.reflect.NativeMethodAccessorImpl.invoke(NativeMethodAccessorImpl.java:62)
	at sun.reflect.DelegatingMethodAccessorImpl.invoke(DelegatingMethodAccessorImpl.java:43)
	at java.lang.reflect.Method.invoke(Method.java:498)
	at org.testng.internal.MethodInvocationHelper.invokeMethod(MethodInvocationHelper.java:85)
	at org.testng.internal.Invoker.invokeMethod(Invoker.java:639)
	at org.testng.internal.Invoker.invokeTestMethod(Invoker.java:816)
	at org.testng.internal.Invoker.invokeTestMethods(Invoker.java:1124)
	at org.testng.internal.TestMethodWorker.invokeTestMethods(TestMethodWorker.java:125)
	at org.testng.internal.TestMethodWorker.run(TestMethodWorker.java:108)
	at org.testng.TestRunner.privateRun(TestRunner.java:774)
	at org.testng.TestRunner.run(TestRunner.java:624)
	at org.testng.SuiteRunner.runTest(SuiteRunner.java:359)
	at org.testng.SuiteRunner.runSequentially(SuiteRunner.java:354)
	at org.testng.SuiteRunner.privateRun(SuiteRunner.java:312)
	at org.testng.SuiteRunner.run(SuiteRunner.java:261)
	at org.testng.SuiteRunnerWorker.runSuite(SuiteRunnerWorker.java:52)
	at org.testng.SuiteRunnerWorker.run(SuiteRunnerWorker.java:86)
	at org.testng.TestNG.runSuitesSequentially(TestNG.java:1215)
	at org.testng.TestNG.runSuitesLocally(TestNG.java:1140)
	at org.testng.TestNG.run(TestNG.java:1048)
	at org.testng.TestNG.privateMain(TestNG.java:1355)
	at org.testng.TestNG.main(TestNG.java:1324)
</pre></div></td>
<td>0</td>
<td>com.tesco.pom.testcases.RegisteredUserFlow@1fa121e2</td></tr>
<tr>
<td title='com.dimensionData.pom.testcases.GuestUserFlow.productSearch()'><b>productSearch</b><br>Test class: GuestUserFlow<br>Parameters: {Username=sanjay@gmail.com, Addressdropdown=Malaysia Tourism Promotion Board, Malaysia House, 57 Trafalgar Square, Lastname=Singh, Runmode=Y, Firstname=Sanjay, postcode=WC2N 5DU, Salutation=Mr, Phonenum=09874563211, ExpectedResult=Success, password=Hello12@, Browser=Chrome, Productname=christmas chocolate}</td>
<td><div><pre>java.lang.NullPointerException
	at com.dimensionData.pom.pages.LaunchPage.gotoHomePage(LaunchPage.java:28)
	at com.dimensionData.pom.testcases.GuestUserFlow.productSearch(GuestUserFlow.java:107)
... Removed 23 stack frames</pre></div><a href='#' onClick='toggleBox("stack-trace477376212", this, "Click to show all stack frames", "Click to hide stack frames")'>Click to show all stack frames</a>
<div class='stack-trace' id='stack-trace477376212'><pre>java.lang.NullPointerException
	at com.dimensionData.pom.pages.LaunchPage.gotoHomePage(LaunchPage.java:28)
	at com.dimensionData.pom.testcases.GuestUserFlow.productSearch(GuestUserFlow.java:107)
	at sun.reflect.NativeMethodAccessorImpl.invoke0(Native Method)
	at sun.reflect.NativeMethodAccessorImpl.invoke(NativeMethodAccessorImpl.java:62)
	at sun.reflect.DelegatingMethodAccessorImpl.invoke(DelegatingMethodAccessorImpl.java:43)
	at java.lang.reflect.Method.invoke(Method.java:498)
	at org.testng.internal.MethodInvocationHelper.invokeMethod(MethodInvocationHelper.java:85)
	at org.testng.internal.Invoker.invokeMethod(Invoker.java:639)
	at org.testng.internal.Invoker.invokeTestMethod(Invoker.java:816)
	at org.testng.internal.Invoker.invokeTestMethods(Invoker.java:1124)
	at org.testng.internal.TestMethodWorker.invokeTestMethods(TestMethodWorker.java:125)
	at org.testng.internal.TestMethodWorker.run(TestMethodWorker.java:108)
	at org.testng.TestRunner.privateRun(TestRunner.java:774)
	at org.testng.TestRunner.run(TestRunner.java:624)
	at org.testng.SuiteRunner.runTest(SuiteRunner.java:359)
	at org.testng.SuiteRunner.runSequentially(SuiteRunner.java:354)
	at org.testng.SuiteRunner.privateRun(SuiteRunner.java:312)
	at org.testng.SuiteRunner.run(SuiteRunner.java:261)
	at org.testng.SuiteRunnerWorker.runSuite(SuiteRunnerWorker.java:52)
	at org.testng.SuiteRunnerWorker.run(SuiteRunnerWorker.java:86)
	at org.testng.TestNG.runSuitesSequentially(TestNG.java:1215)
	at org.testng.TestNG.runSuitesLocally(TestNG.java:1140)
	at org.testng.TestNG.run(TestNG.java:1048)
	at org.testng.TestNG.privateMain(TestNG.java:1355)
	at org.testng.TestNG.main(TestNG.java:1324)
</pre></div></td>
<td>0</td>
<td>com.tesco.pom.testcases.GuestUserFlow@7eac9008</td></tr>
<tr>
<td title='com.dimensionData.pom.testcases.GuestUserFlow.registeration()'><b>registeration</b><br>Test class: GuestUserFlow<br>Parameters: {Username=sanjay@gmail.com, Addressdropdown=Malaysia Tourism Promotion Board, Malaysia House, 57 Trafalgar Square, Lastname=Singh, Runmode=Y, Firstname=Sanjay, postcode=WC2N 5DU, Salutation=Mr, Phonenum=09874563211, ExpectedResult=Success, password=Hello12@, Browser=Chrome, Productname=christmas chocolate}</td>
<td><div><pre>java.lang.NullPointerException
	at com.dimensionData.pom.pages.LaunchPage.gotoHomePage(LaunchPage.java:28)
	at com.dimensionData.pom.testcases.GuestUserFlow.registeration(GuestUserFlow.java:54)
... Removed 23 stack frames</pre></div><a href='#' onClick='toggleBox("stack-trace1787189503", this, "Click to show all stack frames", "Click to hide stack frames")'>Click to show all stack frames</a>
<div class='stack-trace' id='stack-trace1787189503'><pre>java.lang.NullPointerException
	at com.dimensionData.pom.pages.LaunchPage.gotoHomePage(LaunchPage.java:28)
	at com.dimensionData.pom.testcases.GuestUserFlow.registeration(GuestUserFlow.java:54)
	at sun.reflect.NativeMethodAccessorImpl.invoke0(Native Method)
	at sun.reflect.NativeMethodAccessorImpl.invoke(NativeMethodAccessorImpl.java:62)
	at sun.reflect.DelegatingMethodAccessorImpl.invoke(DelegatingMethodAccessorImpl.java:43)
	at java.lang.reflect.Method.invoke(Method.java:498)
	at org.testng.internal.MethodInvocationHelper.invokeMethod(MethodInvocationHelper.java:85)
	at org.testng.internal.Invoker.invokeMethod(Invoker.java:639)
	at org.testng.internal.Invoker.invokeTestMethod(Invoker.java:816)
	at org.testng.internal.Invoker.invokeTestMethods(Invoker.java:1124)
	at org.testng.internal.TestMethodWorker.invokeTestMethods(TestMethodWorker.java:125)
	at org.testng.internal.TestMethodWorker.run(TestMethodWorker.java:108)
	at org.testng.TestRunner.privateRun(TestRunner.java:774)
	at org.testng.TestRunner.run(TestRunner.java:624)
	at org.testng.SuiteRunner.runTest(SuiteRunner.java:359)
	at org.testng.SuiteRunner.runSequentially(SuiteRunner.java:354)
	at org.testng.SuiteRunner.privateRun(SuiteRunner.java:312)
	at org.testng.SuiteRunner.run(SuiteRunner.java:261)
	at org.testng.SuiteRunnerWorker.runSuite(SuiteRunnerWorker.java:52)
	at org.testng.SuiteRunnerWorker.run(SuiteRunnerWorker.java:86)
	at org.testng.TestNG.runSuitesSequentially(TestNG.java:1215)
	at org.testng.TestNG.runSuitesLocally(TestNG.java:1140)
	at org.testng.TestNG.run(TestNG.java:1048)
	at org.testng.TestNG.privateMain(TestNG.java:1355)
	at org.testng.TestNG.main(TestNG.java:1324)
</pre></div></td>
<td>0</td>
<td>com.tesco.pom.testcases.GuestUserFlow@7eac9008</td></tr>
<tr>
<td title='com.dimensionData.pom.testcases.RegisteredUserFlow.reviewBasketAndValidateGuidePrice()'><b>reviewBasketAndValidateGuidePrice</b><br>Test class: RegisteredUserFlow<br>Parameters: {Postcode=WC2R0NS , Browser=Chrome, password=Hello12@, Mobile=07887456325, Phonenum=09874563211, HomeAddress=410 Strand, Deliveryaddress=Office, Username=sanjay.singh@ta3s.com, Lastname=Singh, Daytime=09885645652, Firstname=Sanjay, Runmode=Y, Evening=09885645652, ExpectedResult=Success, Nickname=Office, Addressdropdown=Malaysia Tourism Promotion Board, Malaysia House, 57 Trafalgar Square, Salutation=Mr, postcode=WC2N 5DU}</td>
<td><div><pre>java.lang.NullPointerException
	at com.dimensionData.pom.pages.TescoEmptyBasket.clickEmptybasket(TescoEmptyBasket.java:58)
	at com.dimensionData.pom.testcases.RegisteredUserFlow.reviewBasketAndValidateGuidePrice(RegisteredUserFlow.java:339)
... Removed 23 stack frames</pre></div><a href='#' onClick='toggleBox("stack-trace255334292", this, "Click to show all stack frames", "Click to hide stack frames")'>Click to show all stack frames</a>
<div class='stack-trace' id='stack-trace255334292'><pre>java.lang.NullPointerException
	at com.dimensionData.pom.pages.TescoEmptyBasket.clickEmptybasket(TescoEmptyBasket.java:58)
	at com.dimensionData.pom.testcases.RegisteredUserFlow.reviewBasketAndValidateGuidePrice(RegisteredUserFlow.java:339)
	at sun.reflect.NativeMethodAccessorImpl.invoke0(Native Method)
	at sun.reflect.NativeMethodAccessorImpl.invoke(NativeMethodAccessorImpl.java:62)
	at sun.reflect.DelegatingMethodAccessorImpl.invoke(DelegatingMethodAccessorImpl.java:43)
	at java.lang.reflect.Method.invoke(Method.java:498)
	at org.testng.internal.MethodInvocationHelper.invokeMethod(MethodInvocationHelper.java:85)
	at org.testng.internal.Invoker.invokeMethod(Invoker.java:639)
	at org.testng.internal.Invoker.invokeTestMethod(Invoker.java:816)
	at org.testng.internal.Invoker.invokeTestMethods(Invoker.java:1124)
	at org.testng.internal.TestMethodWorker.invokeTestMethods(TestMethodWorker.java:125)
	at org.testng.internal.TestMethodWorker.run(TestMethodWorker.java:108)
	at org.testng.TestRunner.privateRun(TestRunner.java:774)
	at org.testng.TestRunner.run(TestRunner.java:624)
	at org.testng.SuiteRunner.runTest(SuiteRunner.java:359)
	at org.testng.SuiteRunner.runSequentially(SuiteRunner.java:354)
	at org.testng.SuiteRunner.privateRun(SuiteRunner.java:312)
	at org.testng.SuiteRunner.run(SuiteRunner.java:261)
	at org.testng.SuiteRunnerWorker.runSuite(SuiteRunnerWorker.java:52)
	at org.testng.SuiteRunnerWorker.run(SuiteRunnerWorker.java:86)
	at org.testng.TestNG.runSuitesSequentially(TestNG.java:1215)
	at org.testng.TestNG.runSuitesLocally(TestNG.java:1140)
	at org.testng.TestNG.run(TestNG.java:1048)
	at org.testng.TestNG.privateMain(TestNG.java:1355)
	at org.testng.TestNG.main(TestNG.java:1324)
</pre></div></td>
<td>3</td>
<td>com.tesco.pom.testcases.RegisteredUserFlow@1fa121e2</td></tr>
<tr>
<td title='com.dimensionData.pom.testcases.RegisteredUserFlow.signIn()'><b>signIn</b><br>Test class: RegisteredUserFlow<br>Parameters: {Postcode=WC2R0NS , Browser=Chrome, password=Hello12@, Mobile=07887456325, Phonenum=09874563211, HomeAddress=410 Strand, Deliveryaddress=Office, Username=sanjay.singh@ta3s.com, Lastname=Singh, Daytime=09885645652, Firstname=Sanjay, Runmode=Y, Evening=09885645652, ExpectedResult=Success, Nickname=Office, Addressdropdown=Malaysia Tourism Promotion Board, Malaysia House, 57 Trafalgar Square, Salutation=Mr, postcode=WC2N 5DU}</td>
<td><div><pre>java.lang.NullPointerException
	at org.openqa.selenium.support.pagefactory.DefaultElementLocator.findElement(DefaultElementLocator.java:69)
	at org.openqa.selenium.support.pagefactory.internal.LocatingElementHandler.invoke(LocatingElementHandler.java:38)
	at com.sun.proxy.$Proxy6.click(Unknown Source)
	at com.dimensionData.pom.pages.TescoLoginPage.doLogin(TescoLoginPage.java:34)
	at com.dimensionData.pom.testcases.RegisteredUserFlow.signIn(RegisteredUserFlow.java:82)
... Removed 23 stack frames</pre></div><a href='#' onClick='toggleBox("stack-trace1016363973", this, "Click to show all stack frames", "Click to hide stack frames")'>Click to show all stack frames</a>
<div class='stack-trace' id='stack-trace1016363973'><pre>java.lang.NullPointerException
	at org.openqa.selenium.support.pagefactory.DefaultElementLocator.findElement(DefaultElementLocator.java:69)
	at org.openqa.selenium.support.pagefactory.internal.LocatingElementHandler.invoke(LocatingElementHandler.java:38)
	at com.sun.proxy.$Proxy6.click(Unknown Source)
	at com.dimensionData.pom.pages.TescoLoginPage.doLogin(TescoLoginPage.java:34)
	at com.dimensionData.pom.testcases.RegisteredUserFlow.signIn(RegisteredUserFlow.java:82)
	at sun.reflect.NativeMethodAccessorImpl.invoke0(Native Method)
	at sun.reflect.NativeMethodAccessorImpl.invoke(NativeMethodAccessorImpl.java:62)
	at sun.reflect.DelegatingMethodAccessorImpl.invoke(DelegatingMethodAccessorImpl.java:43)
	at java.lang.reflect.Method.invoke(Method.java:498)
	at org.testng.internal.MethodInvocationHelper.invokeMethod(MethodInvocationHelper.java:85)
	at org.testng.internal.Invoker.invokeMethod(Invoker.java:639)
	at org.testng.internal.Invoker.invokeTestMethod(Invoker.java:816)
	at org.testng.internal.Invoker.invokeTestMethods(Invoker.java:1124)
	at org.testng.internal.TestMethodWorker.invokeTestMethods(TestMethodWorker.java:125)
	at org.testng.internal.TestMethodWorker.run(TestMethodWorker.java:108)
	at org.testng.TestRunner.privateRun(TestRunner.java:774)
	at org.testng.TestRunner.run(TestRunner.java:624)
	at org.testng.SuiteRunner.runTest(SuiteRunner.java:359)
	at org.testng.SuiteRunner.runSequentially(SuiteRunner.java:354)
	at org.testng.SuiteRunner.privateRun(SuiteRunner.java:312)
	at org.testng.SuiteRunner.run(SuiteRunner.java:261)
	at org.testng.SuiteRunnerWorker.runSuite(SuiteRunnerWorker.java:52)
	at org.testng.SuiteRunnerWorker.run(SuiteRunnerWorker.java:86)
	at org.testng.TestNG.runSuitesSequentially(TestNG.java:1215)
	at org.testng.TestNG.runSuitesLocally(TestNG.java:1140)
	at org.testng.TestNG.run(TestNG.java:1048)
	at org.testng.TestNG.privateMain(TestNG.java:1355)
	at org.testng.TestNG.main(TestNG.java:1324)
</pre></div></td>
<td>0</td>
<td>com.tesco.pom.testcases.RegisteredUserFlow@1fa121e2</td></tr>
</table><p>
<table width='100%' border='1' class='invocation-skipped'>
<tr><td colspan='4' align='center'><b>SKIPPED TESTS</b></td></tr>
<tr><td><b>Test method</b></td>
<td width="30%"><b>Exception</b></td>
<td width="10%"><b>Time (seconds)</b></td>
<td><b>Instance</b></td>
</tr>
<tr>
<td title='com.dimensionData.pom.testcases.RegisteredUserFlow.Launch()'><b>Launch</b><br>Test class: RegisteredUserFlow<br>Parameters: {Postcode=WC2R0NS , Browser=Chrome, password=Hello12@, Mobile=07887456325, Phonenum=09874563211, HomeAddress=410 Strand, Deliveryaddress=Office, Username=sanjay.singh@ta3s.com, Lastname=Singh, Daytime=09885645652, Firstname=Sanjay, Runmode=Y, Evening=09885645652, ExpectedResult=Success, Nickname=Office, Addressdropdown=Malaysia Tourism Promotion Board, Malaysia House, 57 Trafalgar Square, Salutation=Mr, postcode=WC2N 5DU}</td>
<td><div><pre>org.testng.SkipException: Skipping the test as Rnumode is N
	at com.dimensionData.pom.testcases.RegisteredUserFlow.Launch(RegisteredUserFlow.java:52)
... Removed 23 stack frames</pre></div><a href='#' onClick='toggleBox("stack-trace111900554", this, "Click to show all stack frames", "Click to hide stack frames")'>Click to show all stack frames</a>
<div class='stack-trace' id='stack-trace111900554'><pre>org.testng.SkipException: Skipping the test as Rnumode is N
	at com.dimensionData.pom.testcases.RegisteredUserFlow.Launch(RegisteredUserFlow.java:52)
	at sun.reflect.NativeMethodAccessorImpl.invoke0(Native Method)
	at sun.reflect.NativeMethodAccessorImpl.invoke(NativeMethodAccessorImpl.java:62)
	at sun.reflect.DelegatingMethodAccessorImpl.invoke(DelegatingMethodAccessorImpl.java:43)
	at java.lang.reflect.Method.invoke(Method.java:498)
	at org.testng.internal.MethodInvocationHelper.invokeMethod(MethodInvocationHelper.java:85)
	at org.testng.internal.Invoker.invokeMethod(Invoker.java:639)
	at org.testng.internal.Invoker.invokeTestMethod(Invoker.java:816)
	at org.testng.internal.Invoker.invokeTestMethods(Invoker.java:1124)
	at org.testng.internal.TestMethodWorker.invokeTestMethods(TestMethodWorker.java:125)
	at org.testng.internal.TestMethodWorker.run(TestMethodWorker.java:108)
	at org.testng.TestRunner.privateRun(TestRunner.java:774)
	at org.testng.TestRunner.run(TestRunner.java:624)
	at org.testng.SuiteRunner.runTest(SuiteRunner.java:359)
	at org.testng.SuiteRunner.runSequentially(SuiteRunner.java:354)
	at org.testng.SuiteRunner.privateRun(SuiteRunner.java:312)
	at org.testng.SuiteRunner.run(SuiteRunner.java:261)
	at org.testng.SuiteRunnerWorker.runSuite(SuiteRunnerWorker.java:52)
	at org.testng.SuiteRunnerWorker.run(SuiteRunnerWorker.java:86)
	at org.testng.TestNG.runSuitesSequentially(TestNG.java:1215)
	at org.testng.TestNG.runSuitesLocally(TestNG.java:1140)
	at org.testng.TestNG.run(TestNG.java:1048)
	at org.testng.TestNG.privateMain(TestNG.java:1355)
	at org.testng.TestNG.main(TestNG.java:1324)
</pre></div></td>
<td>0</td>
<td>com.tesco.pom.testcases.RegisteredUserFlow@1fa121e2</td></tr>
<tr>
<td title='com.dimensionData.pom.testcases.GuestUserFlow.Launch()'><b>Launch</b><br>Test class: GuestUserFlow<br>Parameters: {Username=sanjay@gmail.com, Addressdropdown=Malaysia Tourism Promotion Board, Malaysia House, 57 Trafalgar Square, Lastname=Singh, Runmode=Y, Firstname=Sanjay, postcode=WC2N 5DU, Salutation=Mr, Phonenum=09874563211, ExpectedResult=Success, password=Hello12@, Browser=Chrome, Productname=christmas chocolate}</td>
<td><div><pre>org.testng.SkipException: Skipping the test as Rnumode is N
	at com.dimensionData.pom.testcases.GuestUserFlow.Launch(GuestUserFlow.java:38)
... Removed 23 stack frames</pre></div><a href='#' onClick='toggleBox("stack-trace1848125895", this, "Click to show all stack frames", "Click to hide stack frames")'>Click to show all stack frames</a>
<div class='stack-trace' id='stack-trace1848125895'><pre>org.testng.SkipException: Skipping the test as Rnumode is N
	at com.dimensionData.pom.testcases.GuestUserFlow.Launch(GuestUserFlow.java:38)
	at sun.reflect.NativeMethodAccessorImpl.invoke0(Native Method)
	at sun.reflect.NativeMethodAccessorImpl.invoke(NativeMethodAccessorImpl.java:62)
	at sun.reflect.DelegatingMethodAccessorImpl.invoke(DelegatingMethodAccessorImpl.java:43)
	at java.lang.reflect.Method.invoke(Method.java:498)
	at org.testng.internal.MethodInvocationHelper.invokeMethod(MethodInvocationHelper.java:85)
	at org.testng.internal.Invoker.invokeMethod(Invoker.java:639)
	at org.testng.internal.Invoker.invokeTestMethod(Invoker.java:816)
	at org.testng.internal.Invoker.invokeTestMethods(Invoker.java:1124)
	at org.testng.internal.TestMethodWorker.invokeTestMethods(TestMethodWorker.java:125)
	at org.testng.internal.TestMethodWorker.run(TestMethodWorker.java:108)
	at org.testng.TestRunner.privateRun(TestRunner.java:774)
	at org.testng.TestRunner.run(TestRunner.java:624)
	at org.testng.SuiteRunner.runTest(SuiteRunner.java:359)
	at org.testng.SuiteRunner.runSequentially(SuiteRunner.java:354)
	at org.testng.SuiteRunner.privateRun(SuiteRunner.java:312)
	at org.testng.SuiteRunner.run(SuiteRunner.java:261)
	at org.testng.SuiteRunnerWorker.runSuite(SuiteRunnerWorker.java:52)
	at org.testng.SuiteRunnerWorker.run(SuiteRunnerWorker.java:86)
	at org.testng.TestNG.runSuitesSequentially(TestNG.java:1215)
	at org.testng.TestNG.runSuitesLocally(TestNG.java:1140)
	at org.testng.TestNG.run(TestNG.java:1048)
	at org.testng.TestNG.privateMain(TestNG.java:1355)
	at org.testng.TestNG.main(TestNG.java:1324)
</pre></div></td>
<td>0</td>
<td>com.tesco.pom.testcases.GuestUserFlow@7eac9008</td></tr>
</table><p>
</body>
</html>